<?xml version="1.0" encoding="UTF-8"?>
<testng-results skipped="0" failed="0" total="1" passed="1">
  <reporter-output>
  </reporter-output>
  <suite name="Default suite" duration-ms="13937" started-at="2017-09-05T12:36:25Z" finished-at="2017-09-05T12:36:39Z">
    <groups>
    </groups>
    <test name="Default test" duration-ms="13937" started-at="2017-09-05T12:36:25Z" finished-at="2017-09-05T12:36:39Z">
      <class name="tests.TestLandingFooter">
        <test-method status="PASS" signature="setupDriver()[pri:0, instance:tests.TestLandingFooter@3bfdc050]" name="setupDriver" is-config="true" duration-ms="2082" started-at="2017-09-05T14:36:25Z" finished-at="2017-09-05T14:36:27Z">
          <reporter-output>
          </reporter-output>
        </test-method> <!-- setupDriver -->
        <test-method status="PASS" signature="inputDOB()[pri:0, instance:tests.TestLandingFooter@3bfdc050]" name="inputDOB" duration-ms="11750" started-at="2017-09-05T14:36:27Z" finished-at="2017-09-05T14:36:39Z">
          <reporter-output>
          </reporter-output>
        </test-method> <!-- inputDOB -->
        <test-method status="PASS" signature="destroyDriver()[pri:0, instance:tests.TestLandingFooter@3bfdc050]" name="destroyDriver" is-config="true" duration-ms="88" started-at="2017-09-05T14:36:39Z" finished-at="2017-09-05T14:36:39Z">
          <reporter-output>
          </reporter-output>
        </test-method> <!-- destroyDriver -->
      </class> <!-- tests.TestLandingFooter -->
    </test> <!-- Default test -->
  </suite> <!-- Default suite -->
</testng-results>
