<?xml version="1.0" encoding="UTF-8"?>
<testng-results skipped="0" failed="0" total="1" passed="1">
  <reporter-output>
  </reporter-output>
  <suite name="Default suite" duration-ms="22732" started-at="2017-09-04T18:39:10Z" finished-at="2017-09-04T18:39:32Z">
    <groups>
    </groups>
    <test name="Default test" duration-ms="22732" started-at="2017-09-04T18:39:10Z" finished-at="2017-09-04T18:39:32Z">
      <class name="tests.TestLandingIcons">
        <test-method status="PASS" signature="setupDriver()[pri:0, instance:tests.TestLandingIcons@3bfdc050]" name="setupDriver" is-config="true" duration-ms="3204" started-at="2017-09-04T20:39:10Z" finished-at="2017-09-04T20:39:13Z">
          <reporter-output>
          </reporter-output>
        </test-method> <!-- setupDriver -->
        <test-method status="PASS" signature="inputDOB()[pri:0, instance:tests.TestLandingIcons@3bfdc050]" name="inputDOB" duration-ms="19404" started-at="2017-09-04T20:39:13Z" finished-at="2017-09-04T20:39:32Z">
          <reporter-output>
          </reporter-output>
        </test-method> <!-- inputDOB -->
        <test-method status="PASS" signature="destroyDriver()[pri:0, instance:tests.TestLandingIcons@3bfdc050]" name="destroyDriver" is-config="true" duration-ms="94" started-at="2017-09-04T20:39:32Z" finished-at="2017-09-04T20:39:32Z">
          <reporter-output>
          </reporter-output>
        </test-method> <!-- destroyDriver -->
      </class> <!-- tests.TestLandingIcons -->
    </test> <!-- Default test -->
  </suite> <!-- Default suite -->
</testng-results>
